* using log directory ‘/Users/aitoumel/Desktop/SHCS_metab_final/replications/RPackage/MetaboMapper/MetaboMapper.Rcheck’
* using R version 4.3.0 (2023-04-21)
* using platform: aarch64-apple-darwin20 (64-bit)
* R was compiled by
    Apple clang version 14.0.0 (clang-1400.0.29.202)
    GNU Fortran (GCC) 12.2.0
* running under: macOS Ventura 13.3.1
* using session charset: UTF-8
* checking for file ‘MetaboMapper/DESCRIPTION’ ... OK
* checking extension type ... Package
* this is package ‘MetaboMapper’ version ‘0.0.1’
* package encoding: UTF-8
* checking package namespace information ... OK
* checking package dependencies ... OK
* checking if this is a source package ... OK
* checking if there is a namespace ... OK
* checking for executable files ... OK
* checking for hidden files and directories ... OK
* checking for portable file names ... OK
* checking for sufficient/correct file permissions ... OK
* checking whether package ‘MetaboMapper’ can be installed ... WARNING
Found the following significant warnings:
  Warning: package ‘xml2’ was built under R version 4.3.1
  Warning: package ‘dplyr’ was built under R version 4.3.1
  Warning: package ‘progress’ was built under R version 4.3.1
See ‘/Users/aitoumel/Desktop/SHCS_metab_final/replications/RPackage/MetaboMapper/MetaboMapper.Rcheck/00install.out’ for details.
* checking installed package size ... OK
* checking package directory ... OK
* checking DESCRIPTION meta-information ... OK
* checking top-level files ... OK
* checking for left-over files ... OK
* checking index information ... OK
* checking package subdirectories ... OK
* checking R files for non-ASCII characters ... OK
* checking R files for syntax errors ... OK
* checking whether the package can be loaded ... OK
* checking whether the package can be loaded with stated dependencies ... OK
* checking whether the package can be unloaded cleanly ... OK
* checking whether the namespace can be loaded with stated dependencies ... OK
* checking whether the namespace can be unloaded cleanly ... OK
* checking dependencies in R code ... OK
* checking S3 generic/method consistency ... OK
* checking replacement functions ... OK
* checking foreign function calls ... OK
* checking R code for possible problems ... OK
* checking Rd files ... OK
* checking Rd metadata ... OK
* checking Rd cross-references ... OK
* checking for missing documentation entries ... OK
* checking for code/documentation mismatches ... OK
* checking Rd \usage sections ... OK
* checking Rd contents ... OK
* checking for unstated dependencies in examples ... OK
* checking examples ... OK
* checking PDF version of manual ... WARNING
LaTeX errors when creating PDF version.
This typically indicates Rd problems.
* checking PDF version of manual without index ... ERROR
Re-running with no redirection of stdout/stderr.
* DONE
Status: 1 ERROR, 2 WARNINGs
